#
# There is insufficient memory for the Java Runtime Environment to continue.
# Native memory allocation (malloc) failed to allocate 1867376 bytes for Chunk::new
# Possible reasons:
#   The system is out of physical RAM or swap space
#   The process is running with CompressedOops enabled, and the Java Heap may be blocking the growth of the native heap
# Possible solutions:
#   Reduce memory load on the system
#   Increase physical memory or swap space
#   Check if swap backing store is full
#   Decrease Java heap size (-Xmx/-Xms)
#   Decrease number of Java threads
#   Decrease Java thread stack sizes (-Xss)
#   Set larger code cache with -XX:ReservedCodeCacheSize=
#   JVM is running with Unscaled Compressed Oops mode in which the Java heap is
#     placed in the first 4GB address space. The Java Heap base address is the
#     maximum limit for the native heap growth. Please use -XX:HeapBaseMinAddress
#     to set the Java Heap base and to place the Java Heap above 4GB virtual address.
# This output file may be truncated or incomplete.
#
#  Out of Memory Error (./src/hotspot/share/memory/arena.cpp:197), pid=13028, tid=1232
#
# JRE version: OpenJDK Runtime Environment (11.0.12+7) (build 11.0.12+7-b1504.28-7817840)
# Java VM: OpenJDK 64-Bit Server VM (11.0.12+7-b1504.28-7817840, mixed mode, tiered, compressed oops, g1 gc, windows-amd64)
# No core dump will be written. Minidumps are not enabled by default on client versions of Windows
#

---------------  S U M M A R Y ------------

Command Line: --add-opens=java.base/java.util=ALL-UNNAMED --add-opens=java.base/java.lang=ALL-UNNAMED --add-opens=java.base/java.lang.invoke=ALL-UNNAMED --add-opens=java.base/java.util=ALL-UNNAMED --add-opens=java.prefs/java.util.prefs=ALL-UNNAMED --add-opens=java.prefs/java.util.prefs=ALL-UNNAMED --add-opens=java.base/java.nio.charset=ALL-UNNAMED --add-opens=java.base/java.net=ALL-UNNAMED --add-opens=java.base/java.util.concurrent.atomic=ALL-UNNAMED -Xmx2048m -Dfile.encoding=UTF-8 -Duser.country=CL -Duser.language=es -Duser.variant org.gradle.launcher.daemon.bootstrap.GradleDaemon 7.0.2

Host: AMD Ryzen 5 3450U with Radeon Vega Mobile Gfx  , 8 cores, 5G,  Windows 10 , 64 bit Build 19041 (10.0.19041.1566)
Time: Thu May 26 23:03:18 2022 Hora est. Sudamérica Pacífico elapsed time: 22.319981 seconds (0d 0h 0m 22s)

---------------  T H R E A D  ---------------

Current thread (0x000002221e7a7000):  JavaThread "C2 CompilerThread0" daemon [_thread_in_native, id=1232, stack(0x00000076b1d00000,0x00000076b1e00000)]


Current CompileTask:
C2:  22321 3627       4       org.objectweb.asm.Frame::execute (2318 bytes)

Stack: [0x00000076b1d00000,0x00000076b1e00000]
Native frames: (J=compiled Java code, j=interpreted, Vv=VM code, C=native code)
V  [jvm.dll+0x5fbcea]
V  [jvm.dll+0x731905]
V  [jvm.dll+0x732f1d]
V  [jvm.dll+0x7335d3]
V  [jvm.dll+0x247bf8]
V  [jvm.dll+0xc018c]
V  [jvm.dll+0xc06cc]
V  [jvm.dll+0x35b2db]
V  [jvm.dll+0x328803]
V  [jvm.dll+0x327cfa]
V  [jvm.dll+0x200602]
V  [jvm.dll+0x1ff794]
V  [jvm.dll+0x18868c]
V  [jvm.dll+0x20e0d7]
V  [jvm.dll+0x20c901]
V  [jvm.dll+0x6f9b7f]
V  [jvm.dll+0x6f26a5]
V  [jvm.dll+0x5fabf6]
C  [ucrtbase.dll+0x21bb2]
C  [KERNEL32.DLL+0x17034]
C  [ntdll.dll+0x52651]


---------------  P R O C E S S  ---------------

Threads class SMR info:
_java_thread_list=0x0000022220e53c50, length=34, elements={
0x0000022203adf000, 0x000002221df94000, 0x000002221df82800, 0x000002221df90800,
0x000002221e7a5800, 0x000002221e7a6000, 0x000002221e7a7000, 0x000002221e7b0000,
0x000002221e7b3000, 0x000002221e98d800, 0x00000222209b6800, 0x0000022220030800,
0x000002221e83d800, 0x000002221ede4800, 0x000002221eddd800, 0x000002221ee6b800,
0x000002221ee6c800, 0x000002221e877800, 0x000002221e878800, 0x000002221e82e800,
0x000002221e832800, 0x000002221e833800, 0x000002221e82d800, 0x000002221e831800,
0x000002221e834000, 0x000002221e82f000, 0x000002221e830000, 0x000002221e831000,
0x000002222146a000, 0x0000022221468800, 0x0000022221467800, 0x000002222146a800,
0x0000022221465000, 0x0000022221466000
}

Java Threads: ( => current thread )
  0x0000022203adf000 JavaThread "main" [_thread_blocked, id=15904, stack(0x00000076b1100000,0x00000076b1200000)]
  0x000002221df94000 JavaThread "Reference Handler" daemon [_thread_blocked, id=24204, stack(0x00000076b1800000,0x00000076b1900000)]
  0x000002221df82800 JavaThread "Finalizer" daemon [_thread_blocked, id=27820, stack(0x00000076b1900000,0x00000076b1a00000)]
  0x000002221df90800 JavaThread "Signal Dispatcher" daemon [_thread_blocked, id=24172, stack(0x00000076b1a00000,0x00000076b1b00000)]
  0x000002221e7a5800 JavaThread "Attach Listener" daemon [_thread_blocked, id=2088, stack(0x00000076b1b00000,0x00000076b1c00000)]
  0x000002221e7a6000 JavaThread "Service Thread" daemon [_thread_blocked, id=27976, stack(0x00000076b1c00000,0x00000076b1d00000)]
=>0x000002221e7a7000 JavaThread "C2 CompilerThread0" daemon [_thread_in_native, id=1232, stack(0x00000076b1d00000,0x00000076b1e00000)]
  0x000002221e7b0000 JavaThread "C1 CompilerThread0" daemon [_thread_blocked, id=13396, stack(0x00000076b1e00000,0x00000076b1f00000)]
  0x000002221e7b3000 JavaThread "Sweeper thread" daemon [_thread_blocked, id=31224, stack(0x00000076b1f00000,0x00000076b2000000)]
  0x000002221e98d800 JavaThread "Common-Cleaner" daemon [_thread_blocked, id=34748, stack(0x00000076b2000000,0x00000076b2100000)]
  0x00000222209b6800 JavaThread "Daemon health stats" [_thread_blocked, id=27452, stack(0x00000076b2200000,0x00000076b2300000)]
  0x0000022220030800 JavaThread "Incoming local TCP Connector on port 11123" [_thread_in_native, id=25580, stack(0x00000076b2600000,0x00000076b2700000)]
  0x000002221e83d800 JavaThread "Daemon periodic checks" [_thread_blocked, id=16320, stack(0x00000076b2700000,0x00000076b2800000)]
  0x000002221ede4800 JavaThread "Daemon" [_thread_blocked, id=33436, stack(0x00000076b2800000,0x00000076b2900000)]
  0x000002221eddd800 JavaThread "Handler for socket connection from /127.0.0.1:11123 to /127.0.0.1:11126" [_thread_in_native, id=27640, stack(0x00000076b2900000,0x00000076b2a00000)]
  0x000002221ee6b800 JavaThread "Cancel handler" [_thread_blocked, id=18516, stack(0x00000076b2a00000,0x00000076b2b00000)]
  0x000002221ee6c800 JavaThread "Daemon worker" [_thread_in_Java, id=23132, stack(0x00000076b2b00000,0x00000076b2c00000)]
  0x000002221e877800 JavaThread "Asynchronous log dispatcher for DefaultDaemonConnection: socket connection from /127.0.0.1:11123 to /127.0.0.1:11126" [_thread_blocked, id=33664, stack(0x00000076b2c00000,0x00000076b2d00000)]
  0x000002221e878800 JavaThread "Stdin handler" [_thread_blocked, id=19712, stack(0x00000076b2d00000,0x00000076b2e00000)]
  0x000002221e82e800 JavaThread "Daemon client event forwarder" [_thread_blocked, id=20392, stack(0x00000076b2e00000,0x00000076b2f00000)]
  0x000002221e832800 JavaThread "Cache worker for file hash cache (C:\Users\Usuario-Manuel\.gradle\caches\7.0.2\fileHashes)" [_thread_blocked, id=31904, stack(0x00000076b2f00000,0x00000076b3000000)]
  0x000002221e833800 JavaThread "File lock request listener" [_thread_in_native, id=26580, stack(0x00000076b3000000,0x00000076b3100000)]
  0x000002221e82d800 JavaThread "Cache worker for journal cache (C:\Users\Usuario-Manuel\.gradle\caches\journal-1)" [_thread_blocked, id=14896, stack(0x00000076b3600000,0x00000076b3700000)]
  0x000002221e831800 JavaThread "Cache worker for file hash cache (C:\Users\Usuario-Manuel\Downloads\MovieflixAndroidApp-main\.gradle\7.0.2\fileHashes)" [_thread_blocked, id=2228, stack(0x00000076b3700000,0x00000076b3800000)]
  0x000002221e834000 JavaThread "File watcher server" daemon [_thread_in_native, id=11452, stack(0x00000076b3800000,0x00000076b3900000)]
  0x000002221e82f000 JavaThread "File watcher consumer" daemon [_thread_blocked, id=8332, stack(0x00000076b3900000,0x00000076b3a00000)]
  0x000002221e830000 JavaThread "Cache worker for checksums cache (C:\Users\Usuario-Manuel\Downloads\MovieflixAndroidApp-main\.gradle\checksums)" [_thread_blocked, id=33540, stack(0x00000076b3a00000,0x00000076b3b00000)]
  0x000002221e831000 JavaThread "Cache worker for cache directory md-supplier (C:\Users\Usuario-Manuel\.gradle\caches\7.0.2\md-supplier)" [_thread_blocked, id=20588, stack(0x00000076b3b00000,0x00000076b3c00000)]
  0x000002222146a000 JavaThread "Cache worker for cache directory md-rule (C:\Users\Usuario-Manuel\.gradle\caches\7.0.2\md-rule)" [_thread_blocked, id=17684, stack(0x00000076b3c00000,0x00000076b3d00000)]
  0x0000022221468800 JavaThread "Cache worker for execution history cache (C:\Users\Usuario-Manuel\.gradle\caches\7.0.2\executionHistory)" [_thread_blocked, id=4680, stack(0x00000076b3d00000,0x00000076b3e00000)]
  0x0000022221467800 JavaThread "jar transforms" [_thread_blocked, id=9880, stack(0x00000076b3e00000,0x00000076b3f00000)]
  0x000002222146a800 JavaThread "jar transforms Thread 2" [_thread_blocked, id=23464, stack(0x00000076b3f00000,0x00000076b4000000)]
  0x0000022221465000 JavaThread "Cache worker for file content cache (C:\Users\Usuario-Manuel\.gradle\caches\7.0.2\fileContent)" [_thread_blocked, id=32220, stack(0x00000076b4000000,0x00000076b4100000)]
  0x0000022221466000 JavaThread "Cache worker for dependencies-accessors (C:\Users\Usuario-Manuel\Downloads\MovieflixAndroidApp-main\.gradle\7.0.2\dependencies-accessors)" [_thread_blocked, id=27484, stack(0x00000076b4100000,0x00000076b4200000)]

Other Threads:
  0x000002221df39800 VMThread "VM Thread" [stack: 0x00000076b1700000,0x00000076b1800000] [id=31220]
  0x000002221e9a1000 WatcherThread [stack: 0x00000076b2100000,0x00000076b2200000] [id=8144]
  0x0000022203af5000 GCTaskThread "GC Thread#0" [stack: 0x00000076b1200000,0x00000076b1300000] [id=4512]
  0x000002221f7bd000 GCTaskThread "GC Thread#1" [stack: 0x00000076b2300000,0x00000076b2400000] [id=22856]
  0x000002221fecd800 GCTaskThread "GC Thread#2" [stack: 0x00000076b2400000,0x00000076b2500000] [id=30148]
  0x0000022220351000 GCTaskThread "GC Thread#3" [stack: 0x00000076b2500000,0x00000076b2600000] [id=13044]
  0x0000022220015800 GCTaskThread "GC Thread#4" [stack: 0x00000076b3100000,0x00000076b3200000] [id=31016]
  0x000002221f072800 GCTaskThread "GC Thread#5" [stack: 0x00000076b3200000,0x00000076b3300000] [id=21444]
  0x000002221f5da800 GCTaskThread "GC Thread#6" [stack: 0x00000076b3300000,0x00000076b3400000] [id=21612]
  0x000002221f5db000 GCTaskThread "GC Thread#7" [stack: 0x00000076b3400000,0x00000076b3500000] [id=19496]
  0x0000022203b25800 ConcurrentGCThread "G1 Main Marker" [stack: 0x00000076b1300000,0x00000076b1400000] [id=13144]
  0x0000022203b27000 ConcurrentGCThread "G1 Conc#0" [stack: 0x00000076b1400000,0x00000076b1500000] [id=8584]
  0x000002221e83c800 ConcurrentGCThread "G1 Conc#1" [stack: 0x00000076b3500000,0x00000076b3600000] [id=24296]
  0x0000022203bac800 ConcurrentGCThread "G1 Refine#0" [stack: 0x00000076b1500000,0x00000076b1600000] [id=21228]
  0x0000022203bad800 ConcurrentGCThread "G1 Young RemSet Sampling" [stack: 0x00000076b1600000,0x00000076b1700000] [id=8892]

Threads with active compile tasks:
C2 CompilerThread0  22632 3627       4       org.objectweb.asm.Frame::execute (2318 bytes)

VM state:not at safepoint (normal execution)

VM Mutex/Monitor currently owned by a thread: None

Heap address: 0x0000000080000000, size: 2048 MB, Compressed Oops mode: 32-bit
Narrow klass base: 0x0000000000000000, Narrow klass shift: 3
Compressed class space size: 1073741824 Address: 0x0000000100000000

Heap:
 garbage-first heap   total 98304K, used 28630K [0x0000000080000000, 0x0000000100000000)
  region size 1024K, 8 young (8192K), 6 survivors (6144K)
 Metaspace       used 41554K, capacity 42480K, committed 42624K, reserved 1085440K
  class space    used 5365K, capacity 5706K, committed 5760K, reserved 1048576K
Heap Regions: E=young(eden), S=young(survivor), O=old, HS=humongous(starts), HC=humongous(continues), CS=collection set, F=free, A=archive, TAMS=top-at-mark-start (previous, next)
|   0|0x0000000080000000, 0x0000000080100000, 0x0000000080100000|100%| O|  |TAMS 0x0000000080100000, 0x0000000080000000| Untracked 
|   1|0x0000000080100000, 0x0000000080200000, 0x0000000080200000|100%| O|  |TAMS 0x0000000080200000, 0x0000000080100000| Untracked 
|   2|0x0000000080200000, 0x0000000080300000, 0x0000000080300000|100%| O|  |TAMS 0x0000000080300000, 0x0000000080200000| Untracked 
|   3|0x0000000080300000, 0x0000000080400000, 0x0000000080400000|100%|HS|  |TAMS 0x0000000080400000, 0x0000000080300000| Complete 
|   4|0x0000000080400000, 0x0000000080500000, 0x0000000080500000|100%|HC|  |TAMS 0x0000000080500000, 0x0000000080400000| Complete 
|   5|0x0000000080500000, 0x0000000080600000, 0x0000000080600000|100%|HC|  |TAMS 0x0000000080600000, 0x0000000080500000| Complete 
|   6|0x0000000080600000, 0x0000000080700000, 0x0000000080700000|100%| O|  |TAMS 0x0000000080700000, 0x0000000080600000| Untracked 
|   7|0x0000000080700000, 0x0000000080800000, 0x0000000080800000|100%| O|  |TAMS 0x0000000080800000, 0x0000000080700000| Untracked 
|   8|0x0000000080800000, 0x0000000080900000, 0x0000000080900000|100%| O|  |TAMS 0x0000000080900000, 0x0000000080800000| Untracked 
|   9|0x0000000080900000, 0x0000000080a00000, 0x0000000080a00000|100%| O|  |TAMS 0x0000000080a00000, 0x0000000080900000| Untracked 
|  10|0x0000000080a00000, 0x0000000080b00000, 0x0000000080b00000|100%| O|  |TAMS 0x0000000080b00000, 0x0000000080a00000| Untracked 
|  11|0x0000000080b00000, 0x0000000080c00000, 0x0000000080c00000|100%| O|  |TAMS 0x0000000080c00000, 0x0000000080b00000| Untracked 
|  12|0x0000000080c00000, 0x0000000080d00000, 0x0000000080d00000|100%| O|  |TAMS 0x0000000080d00000, 0x0000000080c00000| Untracked 
|  13|0x0000000080d00000, 0x0000000080e00000, 0x0000000080e00000|100%| O|  |TAMS 0x0000000080e00000, 0x0000000080d00000| Untracked 
|  14|0x0000000080e00000, 0x0000000080f00000, 0x0000000080f00000|100%| O|  |TAMS 0x0000000080f00000, 0x0000000080e00000| Untracked 
|  15|0x0000000080f00000, 0x0000000081000000, 0x0000000081000000|100%| O|  |TAMS 0x0000000080fcc600, 0x0000000080f00000| Untracked 
|  16|0x0000000081000000, 0x0000000081100000, 0x0000000081100000|100%| O|  |TAMS 0x0000000081000000, 0x0000000081000000| Untracked 
|  17|0x0000000081100000, 0x00000000811d7000, 0x0000000081200000| 83%| O|  |TAMS 0x0000000081100000, 0x0000000081100000| Untracked 
|  18|0x0000000081200000, 0x0000000081200000, 0x0000000081300000|  0%| F|  |TAMS 0x0000000081200000, 0x0000000081200000| Untracked 
|  19|0x0000000081300000, 0x0000000081400000, 0x0000000081400000|100%| O|  |TAMS 0x0000000081300000, 0x0000000081300000| Untracked 
|  20|0x0000000081400000, 0x0000000081500000, 0x0000000081500000|100%| O|  |TAMS 0x0000000081400000, 0x0000000081400000| Untracked 
|  21|0x0000000081500000, 0x0000000081600000, 0x0000000081600000|100%| O|  |TAMS 0x0000000081500000, 0x0000000081500000| Untracked 
|  22|0x0000000081600000, 0x0000000081700000, 0x0000000081700000|100%| O|  |TAMS 0x0000000081600000, 0x0000000081600000| Untracked 
|  23|0x0000000081700000, 0x0000000081700000, 0x0000000081800000|  0%| F|  |TAMS 0x0000000081700000, 0x0000000081700000| Untracked 
|  24|0x0000000081800000, 0x0000000081800000, 0x0000000081900000|  0%| F|  |TAMS 0x0000000081800000, 0x0000000081800000| Untracked 
|  25|0x0000000081900000, 0x0000000081900000, 0x0000000081a00000|  0%| F|  |TAMS 0x0000000081900000, 0x0000000081900000| Untracked 
|  26|0x0000000081a00000, 0x0000000081a00000, 0x0000000081b00000|  0%| F|  |TAMS 0x0000000081a00000, 0x0000000081a00000| Untracked 
|  27|0x0000000081b00000, 0x0000000081b00000, 0x0000000081c00000|  0%| F|  |TAMS 0x0000000081b00000, 0x0000000081b00000| Untracked 
|  28|0x0000000081c00000, 0x0000000081c00000, 0x0000000081d00000|  0%| F|  |TAMS 0x0000000081c00000, 0x0000000081c00000| Untracked 
|  29|0x0000000081d00000, 0x0000000081d00000, 0x0000000081e00000|  0%| F|  |TAMS 0x0000000081d00000, 0x0000000081d00000| Untracked 
|  30|0x0000000081e00000, 0x0000000081e00000, 0x0000000081f00000|  0%| F|  |TAMS 0x0000000081e00000, 0x0000000081e00000| Untracked 
|  31|0x0000000081f00000, 0x0000000081f00000, 0x0000000082000000|  0%| F|  |TAMS 0x0000000081f00000, 0x0000000081f00000| Untracked 
|  32|0x0000000082000000, 0x0000000082000000, 0x0000000082100000|  0%| F|  |TAMS 0x0000000082000000, 0x0000000082000000| Untracked 
|  33|0x0000000082100000, 0x0000000082100000, 0x0000000082200000|  0%| F|  |TAMS 0x0000000082100000, 0x0000000082100000| Untracked 
|  34|0x0000000082200000, 0x0000000082200000, 0x0000000082300000|  0%| F|  |TAMS 0x0000000082200000, 0x0000000082200000| Untracked 
|  35|0x0000000082300000, 0x0000000082300000, 0x0000000082400000|  0%| F|  |TAMS 0x0000000082300000, 0x0000000082300000| Untracked 
|  36|0x0000000082400000, 0x0000000082400000, 0x0000000082500000|  0%| F|  |TAMS 0x0000000082400000, 0x0000000082400000| Untracked 
|  37|0x0000000082500000, 0x0000000082500000, 0x0000000082600000|  0%| F|  |TAMS 0x0000000082500000, 0x0000000082500000| Untracked 
|  38|0x0000000082600000, 0x0000000082600000, 0x0000000082700000|  0%| F|  |TAMS 0x0000000082600000, 0x0000000082600000| Untracked 
|  39|0x0000000082700000, 0x0000000082700000, 0x0000000082800000|  0%| F|  |TAMS 0x0000000082700000, 0x0000000082700000| Untracked 
|  40|0x0000000082800000, 0x0000000082800000, 0x0000000082900000|  0%| F|  |TAMS 0x0000000082800000, 0x0000000082800000| Untracked 
|  41|0x0000000082900000, 0x0000000082900000, 0x0000000082a00000|  0%| F|  |TAMS 0x0000000082900000, 0x0000000082900000| Untracked 
|  42|0x0000000082a00000, 0x0000000082a00000, 0x0000000082b00000|  0%| F|  |TAMS 0x0000000082a00000, 0x0000000082a00000| Untracked 
|  43|0x0000000082b00000, 0x0000000082b00000, 0x0000000082c00000|  0%| F|  |TAMS 0x0000000082b00000, 0x0000000082b00000| Untracked 
|  44|0x0000000082c00000, 0x0000000082c00000, 0x0000000082d00000|  0%| F|  |TAMS 0x0000000082c00000, 0x0000000082c00000| Untracked 
|  45|0x0000000082d00000, 0x0000000082d00000, 0x0000000082e00000|  0%| F|  |TAMS 0x0000000082d00000, 0x0000000082d00000| Untracked 
|  46|0x0000000082e00000, 0x0000000082e00000, 0x0000000082f00000|  0%| F|  |TAMS 0x0000000082e00000, 0x0000000082e00000| Untracked 
|  47|0x0000000082f00000, 0x0000000082f00000, 0x0000000083000000|  0%| F|  |TAMS 0x0000000082f00000, 0x0000000082f00000| Untracked 
|  48|0x0000000083000000, 0x0000000083000000, 0x0000000083100000|  0%| F|  |TAMS 0x0000000083000000, 0x0000000083000000| Untracked 
|  49|0x0000000083100000, 0x0000000083100000, 0x0000000083200000|  0%| F|  |TAMS 0x0000000083100000, 0x0000000083100000| Untracked 
|  50|0x0000000083200000, 0x0000000083200000, 0x0000000083300000|  0%| F|  |TAMS 0x0000000083200000, 0x0000000083200000| Untracked 
|  51|0x0000000083300000, 0x000000008331e9b8, 0x0000000083400000| 11%| S|CS|TAMS 0x0000000083300000, 0x0000000083300000| Complete 
|  52|0x0000000083400000, 0x0000000083500000, 0x0000000083500000|100%| S|CS|TAMS 0x0000000083400000, 0x0000000083400000| Complete 
|  53|0x0000000083500000, 0x0000000083600000, 0x0000000083600000|100%| S|CS|TAMS 0x0000000083500000, 0x0000000083500000| Complete 
|  54|0x0000000083600000, 0x0000000083700000, 0x0000000083700000|100%| S|CS|TAMS 0x0000000083600000, 0x0000000083600000| Complete 
|  55|0x0000000083700000, 0x0000000083800000, 0x0000000083800000|100%| S|CS|TAMS 0x0000000083700000, 0x0000000083700000| Complete 
|  56|0x0000000083800000, 0x0000000083900000, 0x0000000083900000|100%| S|CS|TAMS 0x0000000083800000, 0x0000000083800000| Complete 
|  57|0x0000000083900000, 0x0000000083900000, 0x0000000083a00000|  0%| F|  |TAMS 0x0000000083900000, 0x0000000083900000| Untracked 
|  58|0x0000000083a00000, 0x0000000083a00000, 0x0000000083b00000|  0%| F|  |TAMS 0x0000000083a00000, 0x0000000083a00000| Untracked 
|  59|0x0000000083b00000, 0x0000000083b00000, 0x0000000083c00000|  0%| F|  |TAMS 0x0000000083b00000, 0x0000000083b00000| Untracked 
|  60|0x0000000083c00000, 0x0000000083c00000, 0x0000000083d00000|  0%| F|  |TAMS 0x0000000083c00000, 0x0000000083c00000| Untracked 
|  61|0x0000000083d00000, 0x0000000083d00000, 0x0000000083e00000|  0%| F|  |TAMS 0x0000000083d00000, 0x0000000083d00000| Untracked 
|  62|0x0000000083e00000, 0x0000000083e00000, 0x0000000083f00000|  0%| F|  |TAMS 0x0000000083e00000, 0x0000000083e00000| Untracked 
|  63|0x0000000083f00000, 0x0000000083f00000, 0x0000000084000000|  0%| F|  |TAMS 0x0000000083f00000, 0x0000000083f00000| Untracked 
|  64|0x0000000084000000, 0x0000000084000000, 0x0000000084100000|  0%| F|  |TAMS 0x0000000084000000, 0x0000000084000000| Untracked 
|  65|0x0000000084100000, 0x0000000084100000, 0x0000000084200000|  0%| F|  |TAMS 0x0000000084100000, 0x0000000084100000| Untracked 
|  66|0x0000000084200000, 0x0000000084200000, 0x0000000084300000|  0%| F|  |TAMS 0x0000000084200000, 0x0000000084200000| Untracked 
|  67|0x0000000084300000, 0x0000000084300000, 0x0000000084400000|  0%| F|  |TAMS 0x0000000084300000, 0x0000000084300000| Untracked 
|  68|0x0000000084400000, 0x0000000084400000, 0x0000000084500000|  0%| F|  |TAMS 0x0000000084400000, 0x0000000084400000| Untracked 
|  69|0x0000000084500000, 0x0000000084500000, 0x0000000084600000|  0%| F|  |TAMS 0x0000000084500000, 0x0000000084500000| Untracked 
|  70|0x0000000084600000, 0x0000000084600000, 0x0000000084700000|  0%| F|  |TAMS 0x0000000084600000, 0x0000000084600000| Untracked 
|  71|0x0000000084700000, 0x0000000084700000, 0x0000000084800000|  0%| F|  |TAMS 0x0000000084700000, 0x0000000084700000| Untracked 
|  72|0x0000000084800000, 0x0000000084800000, 0x0000000084900000|  0%| F|  |TAMS 0x0000000084800000, 0x0000000084800000| Untracked 
|  73|0x0000000084900000, 0x0000000084900000, 0x0000000084a00000|  0%| F|  |TAMS 0x0000000084900000, 0x0000000084900000| Untracked 
|  74|0x0000000084a00000, 0x0000000084a00000, 0x0000000084b00000|  0%| F|  |TAMS 0x0000000084a00000, 0x0000000084a00000| Untracked 
|  75|0x0000000084b00000, 0x0000000084b00000, 0x0000000084c00000|  0%| F|  |TAMS 0x0000000084b00000, 0x0000000084b00000| Untracked 
|  76|0x0000000084c00000, 0x0000000084c00000, 0x0000000084d00000|  0%| F|  |TAMS 0x0000000084c00000, 0x0000000084c00000| Untracked 
|  77|0x0000000084d00000, 0x0000000084d00000, 0x0000000084e00000|  0%| F|  |TAMS 0x0000000084d00000, 0x0000000084d00000| Untracked 
|  78|0x0000000084e00000, 0x0000000084e00000, 0x0000000084f00000|  0%| F|  |TAMS 0x0000000084e00000, 0x0000000084e00000| Untracked 
|  79|0x0000000084f00000, 0x0000000084f00000, 0x0000000085000000|  0%| F|  |TAMS 0x0000000084f00000, 0x0000000084f00000| Untracked 
|  80|0x0000000085000000, 0x0000000085000000, 0x0000000085100000|  0%| F|  |TAMS 0x0000000085000000, 0x0000000085000000| Untracked 
|  81|0x0000000085100000, 0x0000000085100000, 0x0000000085200000|  0%| F|  |TAMS 0x0000000085100000, 0x0000000085100000| Untracked 
|  82|0x0000000085200000, 0x0000000085200000, 0x0000000085300000|  0%| F|  |TAMS 0x0000000085200000, 0x0000000085200000| Untracked 
|  83|0x0000000085300000, 0x0000000085300000, 0x0000000085400000|  0%| F|  |TAMS 0x0000000085300000, 0x0000000085300000| Untracked 
|  84|0x0000000085400000, 0x0000000085400000, 0x0000000085500000|  0%| F|  |TAMS 0x0000000085400000, 0x0000000085400000| Untracked 
|  85|0x0000000085500000, 0x0000000085500000, 0x0000000085600000|  0%| F|  |TAMS 0x0000000085500000, 0x0000000085500000| Untracked 
|  86|0x0000000085600000, 0x0000000085600000, 0x0000000085700000|  0%| F|  |TAMS 0x0000000085600000, 0x0000000085600000| Untracked 
|  87|0x0000000085700000, 0x0000000085700000, 0x0000000085800000|  0%| F|  |TAMS 0x0000000085700000, 0x0000000085700000| Untracked 
|  88|0x0000000085800000, 0x0000000085800000, 0x0000000085900000|  0%| F|  |TAMS 0x0000000085800000, 0x0000000085800000| Untracked 
|  89|0x0000000085900000, 0x0000000085900000, 0x0000000085a00000|  0%| F|  |TAMS 0x0000000085900000, 0x0000000085900000| Untracked 
|  90|0x0000000085a00000, 0x0000000085a00000, 0x0000000085b00000|  0%| F|  |TAMS 0x0000000085a00000, 0x0000000085a00000| Untracked 
|  91|0x0000000085b00000, 0x0000000085b00000, 0x0000000085c00000|  0%| F|  |TAMS 0x0000000085b00000, 0x0000000085b00000| Untracked 
|  92|0x0000000085c00000, 0x0000000085c00000, 0x0000000085d00000|  0%| F|  |TAMS 0x0000000085c00000, 0x0000000085c00000| Untracked 
|  93|0x0000000085d00000, 0x0000000085d00000, 0x0000000085e00000|  0%| F|  |TAMS 0x0000000085d00000, 0x0000000085d00000| Untracked 
|  94|0x0000000085e00000, 0x0000000085f00000, 0x0000000085f00000|100%| E|  |TAMS 0x0000000085e00000, 0x0000000085e00000| Complete 
|  95|0x0000000085f00000, 0x0000000086000000, 0x0000000086000000|100%| E|CS|TAMS 0x0000000085f00000, 0x0000000085f00000| Complete 

Card table byte_map: [0x0000022216d10000,0x0000022217110000] _byte_map_base: 0x0000022216910000

Marking Bits (Prev, Next): (CMBitMap*) 0x0000022203b1cac8, (CMBitMap*) 0x0000022203b1cb00
 Prev Bits: [0x0000022217510000, 0x0000022219510000)
 Next Bits: [0x0000022219510000, 0x000002221b510000)

Polling page: 0x00000222032b0000

Metaspace:

Usage:
  Non-class:     35.91 MB capacity,    35.34 MB ( 98%) used,   487.62 KB (  1%) free+waste,    96.19 KB ( <1%) overhead. 
      Class:      5.57 MB capacity,     5.24 MB ( 94%) used,   294.48 KB (  5%) free+waste,    46.13 KB ( <1%) overhead. 
       Both:     41.48 MB capacity,    40.58 MB ( 98%) used,   782.09 KB (  2%) free+waste,   142.31 KB ( <1%) overhead. 

Virtual space:
  Non-class space:       36.00 MB reserved,      36.00 MB (100%) committed 
      Class space:        1.00 GB reserved,       5.63 MB ( <1%) committed 
             Both:        1.04 GB reserved,      41.63 MB (  4%) committed 

Chunk freelists:
   Non-Class:  26.00 KB
       Class:  22.00 KB
        Both:  48.00 KB

MaxMetaspaceSize: 17179869184.00 GB
CompressedClassSpaceSize: 1.00 GB
Initial GC threshold: 20.80 MB
Current GC threshold: 58.75 MB
CDS: off

CodeHeap 'non-profiled nmethods': size=120000Kb used=1765Kb max_used=1765Kb free=118234Kb
 bounds [0x000002220f0b0000, 0x000002220f320000, 0x00000222165e0000]
CodeHeap 'profiled nmethods': size=120000Kb used=7852Kb max_used=7852Kb free=112147Kb
 bounds [0x0000022207b80000, 0x0000022208330000, 0x000002220f0b0000]
CodeHeap 'non-nmethods': size=5760Kb used=2274Kb max_used=2316Kb free=3485Kb
 bounds [0x00000222075e0000, 0x0000022207850000, 0x0000022207b80000]
 total_blobs=4439 nmethods=3673 adapters=677
 compilation: enabled
              stopped_count=0, restarted_count=0
 full_count=0

Compilation events (20 events):
Event: 21.962 Thread 0x000002221e7b0000 3645       3       java.util.HashMap::removeNode (291 bytes)
Event: 21.964 Thread 0x000002221e7b0000 nmethod 3645 0x0000022208303c90 code [0x0000022208303f20, 0x0000022208305198]
Event: 21.964 Thread 0x000002221e7b0000 3646       3       org.gradle.internal.time.TimeSource$1::nanoTime (4 bytes)
Event: 21.964 Thread 0x000002221e7b0000 nmethod 3646 0x0000022208305610 code [0x00000222083057c0, 0x00000222083058d8]
Event: 21.969 Thread 0x000002221e7b0000 3648   !   3       java.nio.charset.CharsetDecoder::decode (287 bytes)
Event: 21.972 Thread 0x000002221e7b0000 nmethod 3648 0x0000022208305990 code [0x0000022208305cc0, 0x00000222083071d8]
Event: 21.973 Thread 0x000002221e7b0000 3649       3       java.util.regex.Pattern::compile (10 bytes)
Event: 21.974 Thread 0x000002221e7b0000 nmethod 3649 0x0000022208307890 code [0x0000022208307a40, 0x0000022208307bc8]
Event: 21.998 Thread 0x000002221e7b0000 3650       3       java.io.ObjectStreamClass::requireInitialized (18 bytes)
Event: 21.998 Thread 0x000002221e7b0000 nmethod 3650 0x0000022208307c90 code [0x0000022208307e60, 0x0000022208308068]
Event: 22.025 Thread 0x000002221e7b0000 3651       3       java.lang.Long::bitCount (61 bytes)
Event: 22.026 Thread 0x000002221e7b0000 nmethod 3651 0x0000022208308190 code [0x0000022208308340, 0x0000022208308498]
Event: 22.047 Thread 0x000002221e7b0000 3653       3       sun.reflect.generics.tree.TypeVariableSignature::make (9 bytes)
Event: 22.047 Thread 0x000002221e7b0000 nmethod 3653 0x0000022208308510 code [0x00000222083086e0, 0x0000022208308938]
Event: 22.047 Thread 0x000002221e7b0000 3654       3       sun.reflect.generics.tree.TypeVariableSignature::<init> (10 bytes)
Event: 22.047 Thread 0x000002221e7b0000 nmethod 3654 0x0000022208308a10 code [0x0000022208308bc0, 0x0000022208308d78]
Event: 22.151 Thread 0x000002221e7b0000 3656       1       com.google.common.base.Suppliers$SupplierOfInstance::get (5 bytes)
Event: 22.151 Thread 0x000002221e7b0000 nmethod 3656 0x000002220f268e10 code [0x000002220f268fc0, 0x000002220f269078]
Event: 22.151 Thread 0x000002221e7b0000 3657       3       com.google.common.cache.LocalCache::usesAccessQueue (20 bytes)
Event: 22.152 Thread 0x000002221e7b0000 nmethod 3657 0x0000022208308e10 code [0x0000022208308fe0, 0x0000022208309318]

GC Heap History (14 events):
Event: 2.528 GC heap before
{Heap before GC invocations=0 (full 0):
 garbage-first heap   total 98304K, used 30720K [0x0000000080000000, 0x0000000100000000)
  region size 1024K, 24 young (24576K), 0 survivors (0K)
 Metaspace       used 10210K, capacity 10427K, committed 10624K, reserved 1058816K
  class space    used 1065K, capacity 1141K, committed 1152K, reserved 1048576K
}
Event: 2.542 GC heap after
{Heap after GC invocations=1 (full 0):
 garbage-first heap   total 98304K, used 9335K [0x0000000080000000, 0x0000000100000000)
  region size 1024K, 3 young (3072K), 3 survivors (3072K)
 Metaspace       used 10210K, capacity 10427K, committed 10624K, reserved 1058816K
  class space    used 1065K, capacity 1141K, committed 1152K, reserved 1048576K
}
Event: 5.329 GC heap before
{Heap before GC invocations=1 (full 0):
 garbage-first heap   total 98304K, used 64631K [0x0000000080000000, 0x0000000100000000)
  region size 1024K, 57 young (58368K), 3 survivors (3072K)
 Metaspace       used 13701K, capacity 14071K, committed 14208K, reserved 1062912K
  class space    used 1518K, capacity 1654K, committed 1664K, reserved 1048576K
}
Event: 5.341 GC heap after
{Heap after GC invocations=2 (full 0):
 garbage-first heap   total 98304K, used 14900K [0x0000000080000000, 0x0000000100000000)
  region size 1024K, 8 young (8192K), 8 survivors (8192K)
 Metaspace       used 13701K, capacity 14071K, committed 14208K, reserved 1062912K
  class space    used 1518K, capacity 1654K, committed 1664K, reserved 1048576K
}
Event: 14.728 GC heap before
{Heap before GC invocations=2 (full 0):
 garbage-first heap   total 98304K, used 56884K [0x0000000080000000, 0x0000000100000000)
  region size 1024K, 50 young (51200K), 8 survivors (8192K)
 Metaspace       used 20553K, capacity 21092K, committed 21248K, reserved 1067008K
  class space    used 2500K, capacity 2690K, committed 2816K, reserved 1048576K
}
Event: 14.745 GC heap after
{Heap after GC invocations=3 (full 0):
 garbage-first heap   total 98304K, used 16585K [0x0000000080000000, 0x0000000100000000)
  region size 1024K, 3 young (3072K), 3 survivors (3072K)
 Metaspace       used 20553K, capacity 21092K, committed 21248K, reserved 1067008K
  class space    used 2500K, capacity 2690K, committed 2816K, reserved 1048576K
}
Event: 16.907 GC heap before
{Heap before GC invocations=4 (full 0):
 garbage-first heap   total 98304K, used 62665K [0x0000000080000000, 0x0000000100000000)
  region size 1024K, 48 young (49152K), 3 survivors (3072K)
 Metaspace       used 25286K, capacity 25903K, committed 26112K, reserved 1071104K
  class space    used 3282K, capacity 3489K, committed 3584K, reserved 1048576K
}
Event: 16.915 GC heap after
{Heap after GC invocations=5 (full 0):
 garbage-first heap   total 98304K, used 18258K [0x0000000080000000, 0x0000000100000000)
  region size 1024K, 4 young (4096K), 4 survivors (4096K)
 Metaspace       used 25286K, capacity 25903K, committed 26112K, reserved 1071104K
  class space    used 3282K, capacity 3489K, committed 3584K, reserved 1048576K
}
Event: 18.522 GC heap before
{Heap before GC invocations=5 (full 0):
 garbage-first heap   total 98304K, used 66386K [0x0000000080000000, 0x0000000100000000)
  region size 1024K, 51 young (52224K), 4 survivors (4096K)
 Metaspace       used 30063K, capacity 30743K, committed 30976K, reserved 1075200K
  class space    used 4026K, capacity 4274K, committed 4352K, reserved 1048576K
}
Event: 18.534 GC heap after
{Heap after GC invocations=6 (full 0):
 garbage-first heap   total 98304K, used 19600K [0x0000000080000000, 0x0000000100000000)
  region size 1024K, 5 young (5120K), 5 survivors (5120K)
 Metaspace       used 30063K, capacity 30743K, committed 30976K, reserved 1075200K
  class space    used 4026K, capacity 4274K, committed 4352K, reserved 1048576K
}
Event: 19.450 GC heap before
{Heap before GC invocations=6 (full 0):
 garbage-first heap   total 98304K, used 34960K [0x0000000080000000, 0x0000000100000000)
  region size 1024K, 22 young (22528K), 5 survivors (5120K)
 Metaspace       used 35049K, capacity 35826K, committed 35840K, reserved 1081344K
  class space    used 4543K, capacity 4864K, committed 4864K, reserved 1048576K
}
Event: 19.464 GC heap after
{Heap after GC invocations=7 (full 0):
 garbage-first heap   total 98304K, used 22321K [0x0000000080000000, 0x0000000100000000)
  region size 1024K, 6 young (6144K), 6 survivors (6144K)
 Metaspace       used 35049K, capacity 35826K, committed 35840K, reserved 1081344K
  class space    used 4543K, capacity 4864K, committed 4864K, reserved 1048576K
}
Event: 20.839 GC heap before
{Heap before GC invocations=8 (full 0):
 garbage-first heap   total 98304K, used 65329K [0x0000000080000000, 0x0000000100000000)
  region size 1024K, 46 young (47104K), 6 survivors (6144K)
 Metaspace       used 38459K, capacity 39318K, committed 39552K, reserved 1083392K
  class space    used 4903K, capacity 5212K, committed 5248K, reserved 1048576K
}
Event: 20.851 GC heap after
{Heap after GC invocations=9 (full 0):
 garbage-first heap   total 98304K, used 26067K [0x0000000080000000, 0x0000000100000000)
  region size 1024K, 6 young (6144K), 6 survivors (6144K)
 Metaspace       used 38459K, capacity 39318K, committed 39552K, reserved 1083392K
  class space    used 4903K, capacity 5212K, committed 5248K, reserved 1048576K
}

Deoptimization events (20 events):
Event: 21.364 Thread 0x000002221ee6c800 Uncommon trap: trap_request=0xffffffde fr.pc=0x000002220f19bd60 relative=0x0000000000000320
Event: 21.364 Thread 0x000002221ee6c800 Uncommon trap: reason=class_check action=maybe_recompile pc=0x000002220f19bd60 method=java.util.Collections$SetFromMap.remove(Ljava/lang/Object;)Z @ 5 c2
Event: 21.364 Thread 0x000002221ee6c800 DEOPT PACKING pc=0x000002220f19bd60 sp=0x00000076b2bfac60
Event: 21.364 Thread 0x000002221ee6c800 DEOPT UNPACKING pc=0x000002220762a1af sp=0x00000076b2bfac48 mode 2
Event: 21.964 Thread 0x000002221ee6c800 Uncommon trap: trap_request=0xffffffbe fr.pc=0x000002220f22d9f0 relative=0x0000000000000990
Event: 21.964 Thread 0x000002221ee6c800 Uncommon trap: reason=profile_predicate action=maybe_recompile pc=0x000002220f22d9f0 method=jdk.internal.jimage.ImageStringsReader.charsFromByteBuffer([CLjava/nio/ByteBuffer;)V @ 6 c2
Event: 21.964 Thread 0x000002221ee6c800 DEOPT PACKING pc=0x000002220f22d9f0 sp=0x00000076b2bf8db0
Event: 21.964 Thread 0x000002221ee6c800 DEOPT UNPACKING pc=0x000002220762a1af sp=0x00000076b2bf8c88 mode 2
Event: 21.964 Thread 0x000002221ee6c800 Uncommon trap: trap_request=0xffffffbe fr.pc=0x000002220f22d9f0 relative=0x0000000000000990
Event: 21.964 Thread 0x000002221ee6c800 Uncommon trap: reason=profile_predicate action=maybe_recompile pc=0x000002220f22d9f0 method=jdk.internal.jimage.ImageStringsReader.charsFromByteBuffer([CLjava/nio/ByteBuffer;)V @ 6 c2
Event: 21.964 Thread 0x000002221ee6c800 DEOPT PACKING pc=0x000002220f22d9f0 sp=0x00000076b2bf8db0
Event: 21.964 Thread 0x000002221ee6c800 DEOPT UNPACKING pc=0x000002220762a1af sp=0x00000076b2bf8c88 mode 2
Event: 21.964 Thread 0x000002221ee6c800 Uncommon trap: trap_request=0xffffffbe fr.pc=0x000002220f22d9f0 relative=0x0000000000000990
Event: 21.964 Thread 0x000002221ee6c800 Uncommon trap: reason=profile_predicate action=maybe_recompile pc=0x000002220f22d9f0 method=jdk.internal.jimage.ImageStringsReader.charsFromByteBuffer([CLjava/nio/ByteBuffer;)V @ 6 c2
Event: 21.964 Thread 0x000002221ee6c800 DEOPT PACKING pc=0x000002220f22d9f0 sp=0x00000076b2bf8db0
Event: 21.964 Thread 0x000002221ee6c800 DEOPT UNPACKING pc=0x000002220762a1af sp=0x00000076b2bf8c88 mode 2
Event: 21.964 Thread 0x000002221ee6c800 Uncommon trap: trap_request=0xffffffbe fr.pc=0x000002220f22d9f0 relative=0x0000000000000990
Event: 21.964 Thread 0x000002221ee6c800 Uncommon trap: reason=profile_predicate action=maybe_recompile pc=0x000002220f22d9f0 method=jdk.internal.jimage.ImageStringsReader.charsFromByteBuffer([CLjava/nio/ByteBuffer;)V @ 6 c2
Event: 21.964 Thread 0x000002221ee6c800 DEOPT PACKING pc=0x000002220f22d9f0 sp=0x00000076b2bf8db0
Event: 21.964 Thread 0x000002221ee6c800 DEOPT UNPACKING pc=0x000002220762a1af sp=0x00000076b2bf8c88 mode 2

Classes redefined (0 events):
No events

Internal exceptions (20 events):
Event: 21.050 Thread 0x000002221ee6c800 Exception <a 'java/lang/ClassNotFoundException'{0x000000008563b4b0}: org/gradle/api/internal/artifacts/DefaultArtifactRepositoryContainerBeanInfo> (0x000000008563b4b0) thrown at [./src/hotspot/share/classfile/systemDictionary.cpp, line 231]
Event: 21.052 Thread 0x000002221ee6c800 Exception <a 'java/lang/ClassNotFoundException'{0x0000000085665540}: org/gradle/api/internal/DefaultNamedDomainObjectListBeanInfo> (0x0000000085665540) thrown at [./src/hotspot/share/classfile/systemDictionary.cpp, line 231]
Event: 21.054 Thread 0x000002221ee6c800 Exception <a 'java/lang/ClassNotFoundException'{0x0000000085691160}: org/gradle/api/internal/DefaultNamedDomainObjectCollectionBeanInfo> (0x0000000085691160) thrown at [./src/hotspot/share/classfile/systemDictionary.cpp, line 231]
Event: 21.056 Thread 0x000002221ee6c800 Exception <a 'java/lang/ClassNotFoundException'{0x00000000856bc310}: org/gradle/api/internal/DefaultDomainObjectCollectionBeanInfo> (0x00000000856bc310) thrown at [./src/hotspot/share/classfile/systemDictionary.cpp, line 231]
Event: 21.056 Thread 0x000002221ee6c800 Exception <a 'java/lang/ClassNotFoundException'{0x00000000856c2548}: java/util/AbstractCollectionBeanInfo> (0x00000000856c2548) thrown at [./src/hotspot/share/classfile/systemDictionary.cpp, line 231]
Event: 21.057 Thread 0x000002221ee6c800 Exception <a 'java/lang/ClassNotFoundException'{0x00000000856c8cc8}: java/util/AbstractCollectionCustomizer> (0x00000000856c8cc8) thrown at [./src/hotspot/share/classfile/systemDictionary.cpp, line 231]
Event: 21.067 Thread 0x000002221ee6c800 Exception <a 'java/lang/ClassNotFoundException'{0x00000000856fc908}: org/gradle/api/internal/DefaultDomainObjectCollectionCustomizer> (0x00000000856fc908) thrown at [./src/hotspot/share/classfile/systemDictionary.cpp, line 231]
Event: 21.069 Thread 0x000002221ee6c800 Exception <a 'java/lang/ClassNotFoundException'{0x0000000085545680}: org/gradle/api/internal/DefaultNamedDomainObjectCollectionCustomizer> (0x0000000085545680) thrown at [./src/hotspot/share/classfile/systemDictionary.cpp, line 231]
Event: 21.097 Thread 0x000002221ee6c800 Exception <a 'java/lang/ClassNotFoundException'{0x00000000855bd9b8}: org/gradle/api/internal/DefaultNamedDomainObjectListCustomizer> (0x00000000855bd9b8) thrown at [./src/hotspot/share/classfile/systemDictionary.cpp, line 231]
Event: 21.100 Thread 0x000002221ee6c800 Exception <a 'java/lang/ClassNotFoundException'{0x0000000085412a30}: org/gradle/api/internal/artifacts/DefaultArtifactRepositoryContainerCustomizer> (0x0000000085412a30) thrown at [./src/hotspot/share/classfile/systemDictionary.cpp, line 231]
Event: 21.103 Thread 0x000002221ee6c800 Exception <a 'java/lang/ClassNotFoundException'{0x000000008545cc28}: org/gradle/api/internal/artifacts/dsl/DefaultRepositoryHandlerCustomizer> (0x000000008545cc28) thrown at [./src/hotspot/share/classfile/systemDictionary.cpp, line 231]
Event: 21.107 Thread 0x000002221ee6c800 Exception <a 'java/lang/ClassNotFoundException'{0x00000000854b9fb8}: org/gradle/api/internal/artifacts/dsl/DefaultRepositoryHandler_DecoratedCustomizer> (0x00000000854b9fb8) thrown at [./src/hotspot/share/classfile/systemDictionary.cpp, line 231]
Event: 21.341 Thread 0x000002221ee6c800 Exception <a 'java/lang/ClassNotFoundException'{0x0000000084fe64d8}: org/gradle/initialization/DefaultProjectDescriptorBeanInfo> (0x0000000084fe64d8) thrown at [./src/hotspot/share/classfile/systemDictionary.cpp, line 231]
Event: 21.342 Thread 0x000002221ee6c800 Exception <a 'java/lang/ClassNotFoundException'{0x0000000084e0baf0}: org/gradle/initialization/DefaultProjectDescriptorCustomizer> (0x0000000084e0baf0) thrown at [./src/hotspot/share/classfile/systemDictionary.cpp, line 231]
Event: 21.353 Thread 0x000002221ee6c800 Implicit null exception at 0x000002220f206c6c to 0x000002220f206d14
Event: 21.992 Thread 0x000002221e82e800 Exception <a 'java/lang/NoSuchMethodError'{0x0000000084400408}: <clinit>> (0x0000000084400408) thrown at [./src/hotspot/share/prims/jni.cpp, line 1365]
Event: 21.992 Thread 0x000002221e82e800 Exception <a 'java/lang/NoSuchMethodError'{0x0000000084401cc0}: <clinit>> (0x0000000084401cc0) thrown at [./src/hotspot/share/prims/jni.cpp, line 1365]
Event: 21.995 Thread 0x000002221e82e800 Exception <a 'java/lang/NoSuchMethodError'{0x0000000084490a20}: <clinit>> (0x0000000084490a20) thrown at [./src/hotspot/share/prims/jni.cpp, line 1365]
Event: 21.996 Thread 0x000002221e82e800 Exception <a 'java/lang/NoSuchMethodError'{0x0000000084492870}: <clinit>> (0x0000000084492870) thrown at [./src/hotspot/share/prims/jni.cpp, line 1365]
Event: 21.998 Thread 0x000002221e82e800 Exception <a 'java/lang/NoSuchMethodError'{0x00000000844a1c30}: <clinit>> (0x00000000844a1c30) thrown at [./src/hotspot/share/prims/jni.cpp, line 1365]

Events (20 events):
Event: 22.184 loading class com/google/common/base/Predicates$ObjectPredicate$1
Event: 22.184 loading class com/google/common/base/Predicates$ObjectPredicate$1 done
Event: 22.189 loading class com/google/common/base/Predicates$ObjectPredicate$2
Event: 22.189 loading class com/google/common/base/Predicates$ObjectPredicate$2 done
Event: 22.189 loading class com/google/common/base/Predicates$ObjectPredicate$3
Event: 22.189 loading class com/google/common/base/Predicates$ObjectPredicate$3 done
Event: 22.190 loading class com/google/common/base/Predicates$ObjectPredicate$4
Event: 22.190 loading class com/google/common/base/Predicates$ObjectPredicate$4 done
Event: 22.191 loading class com/google/common/collect/Iterables$4
Event: 22.191 loading class com/google/common/collect/Iterables$4 done
Event: 22.192 loading class com/google/common/collect/Iterators$6
Event: 22.192 loading class com/google/common/collect/Iterators$6 done
Event: 22.204 loading class org/gradle/api/internal/plugins/PluginInspector$PotentialImperativeClassPlugin
Event: 22.204 loading class org/gradle/api/internal/plugins/PluginInspector$PotentialImperativeClassPlugin done
Event: 22.205 loading class org/gradle/api/internal/plugins/DefaultPluginRegistry$RegistryAwarePluginImplementation
Event: 22.205 loading class org/gradle/api/internal/plugins/DefaultPluginRegistry$RegistryAwarePluginImplementation done
Event: 22.215 loading class org/gradle/api/internal/plugins/DefaultPotentialPluginWithId
Event: 22.215 loading class org/gradle/api/internal/plugins/DefaultPotentialPluginWithId done
Event: 22.217 loading class org/gradle/api/internal/plugins/PotentialPlugin$Type
Event: 22.217 loading class org/gradle/api/internal/plugins/PotentialPlugin$Type done


Dynamic libraries:
0x00007ff7059d0000 - 0x00007ff7059da000 	C:\Program Files\Android\Android Studio\jre\bin\java.exe
0x00007ff8bdd90000 - 0x00007ff8bdf85000 	C:\WINDOWS\SYSTEM32\ntdll.dll
0x00007ff8bc470000 - 0x00007ff8bc52e000 	C:\WINDOWS\System32\KERNEL32.DLL
0x00007ff8bba60000 - 0x00007ff8bbd28000 	C:\WINDOWS\System32\KERNELBASE.dll
0x00007ff8b6460000 - 0x00007ff8b64f0000 	C:\WINDOWS\SYSTEM32\apphelp.dll
0x00007ff8bb4e0000 - 0x00007ff8bb5e0000 	C:\WINDOWS\System32\ucrtbase.dll
0x00007ff8b6d50000 - 0x00007ff8b6d67000 	C:\Program Files\Android\Android Studio\jre\bin\VCRUNTIME140.dll
0x00007ff8b6720000 - 0x00007ff8b6739000 	C:\Program Files\Android\Android Studio\jre\bin\jli.dll
0x00007ff8bc1b0000 - 0x00007ff8bc350000 	C:\WINDOWS\System32\USER32.dll
0x00007ff8bb5e0000 - 0x00007ff8bb602000 	C:\WINDOWS\System32\win32u.dll
0x00007ff8bc8c0000 - 0x00007ff8bc8eb000 	C:\WINDOWS\System32\GDI32.dll
0x00007ff8aabb0000 - 0x00007ff8aae4a000 	C:\WINDOWS\WinSxS\amd64_microsoft.windows.common-controls_6595b64144ccf1df_6.0.19041.1110_none_60b5254171f9507e\COMCTL32.dll
0x00007ff8bb6c0000 - 0x00007ff8bb7cb000 	C:\WINDOWS\System32\gdi32full.dll
0x00007ff8bc3b0000 - 0x00007ff8bc44e000 	C:\WINDOWS\System32\msvcrt.dll
0x00007ff8bb930000 - 0x00007ff8bb9cd000 	C:\WINDOWS\System32\msvcp_win.dll
0x00007ff8bdbf0000 - 0x00007ff8bdc20000 	C:\WINDOWS\System32\IMM32.DLL
0x00007ff8922e0000 - 0x00007ff89237d000 	C:\Program Files\Android\Android Studio\jre\bin\msvcp140.dll
0x00007ff83b690000 - 0x00007ff83c175000 	C:\Program Files\Android\Android Studio\jre\bin\server\jvm.dll
0x00007ff8bc5e0000 - 0x00007ff8bc68e000 	C:\WINDOWS\System32\ADVAPI32.dll
0x00007ff8bd040000 - 0x00007ff8bd0dc000 	C:\WINDOWS\System32\sechost.dll
0x00007ff8bc790000 - 0x00007ff8bc8b5000 	C:\WINDOWS\System32\RPCRT4.dll
0x00007ff8bc8f0000 - 0x00007ff8bc8f8000 	C:\WINDOWS\System32\PSAPI.DLL
0x00007ff8aebf0000 - 0x00007ff8aec17000 	C:\WINDOWS\SYSTEM32\WINMM.dll
0x00007ff8afc60000 - 0x00007ff8afc6a000 	C:\WINDOWS\SYSTEM32\VERSION.dll
0x00007ff8b1690000 - 0x00007ff8b1699000 	C:\WINDOWS\SYSTEM32\WSOCK32.dll
0x00007ff8bc140000 - 0x00007ff8bc1ab000 	C:\WINDOWS\System32\ws2_32.DLL
0x00007ff8b93c0000 - 0x00007ff8b93d2000 	C:\WINDOWS\SYSTEM32\kernel.appcore.dll
0x00007ff8b6ad0000 - 0x00007ff8b6ae1000 	C:\Program Files\Android\Android Studio\jre\bin\verify.dll
0x00007ff8b3600000 - 0x00007ff8b37e4000 	C:\WINDOWS\SYSTEM32\DBGHELP.DLL
0x00007ff8b2140000 - 0x00007ff8b216c000 	C:\WINDOWS\SYSTEM32\dbgcore.DLL
0x00007ff8bb9d0000 - 0x00007ff8bba52000 	C:\WINDOWS\System32\bcryptPrimitives.dll
0x00007ff8b6aa0000 - 0x00007ff8b6ac9000 	C:\Program Files\Android\Android Studio\jre\bin\java.dll
0x00007ff8b7110000 - 0x00007ff8b711b000 	C:\Program Files\Android\Android Studio\jre\bin\jimage.dll
0x00007ff8b2620000 - 0x00007ff8b2638000 	C:\Program Files\Android\Android Studio\jre\bin\zip.dll
0x00007ff8bd440000 - 0x00007ff8bdb84000 	C:\WINDOWS\System32\SHELL32.dll
0x00007ff8b95c0000 - 0x00007ff8b9d54000 	C:\WINDOWS\SYSTEM32\windows.storage.dll
0x00007ff8bd0e0000 - 0x00007ff8bd434000 	C:\WINDOWS\System32\combase.dll
0x00007ff8bae40000 - 0x00007ff8bae6c000 	C:\WINDOWS\SYSTEM32\Wldp.dll
0x00007ff8bceb0000 - 0x00007ff8bcf5d000 	C:\WINDOWS\System32\SHCORE.dll
0x00007ff8bc6a0000 - 0x00007ff8bc6f5000 	C:\WINDOWS\System32\shlwapi.dll
0x00007ff8bb3f0000 - 0x00007ff8bb40f000 	C:\WINDOWS\SYSTEM32\profapi.dll
0x00007ff8b1950000 - 0x00007ff8b196a000 	C:\Program Files\Android\Android Studio\jre\bin\net.dll
0x00007ff8b1150000 - 0x00007ff8b1259000 	C:\WINDOWS\SYSTEM32\WINHTTP.dll
0x00007ff8baba0000 - 0x00007ff8bac0a000 	C:\WINDOWS\system32\mswsock.dll
0x00007ff8b1810000 - 0x00007ff8b1824000 	C:\Program Files\Android\Android Studio\jre\bin\nio.dll
0x00007ff8a6d20000 - 0x00007ff8a6d47000 	C:\Users\Usuario-Manuel\.gradle\native\8bec1ad78214c89d9ad589b4d07fe93259594b29d510b10fafb7a158f7737e5d\windows-amd64\native-platform.dll
0x00007ff8911d0000 - 0x00007ff89130d000 	C:\Users\Usuario-Manuel\.gradle\native\53dbd7edfb1c66fb8903c78663c9afc45aea4f116125fa6feffd364cf09443e8\windows-amd64\native-platform-file-events.dll
0x00007ff8b6e60000 - 0x00007ff8b6e6a000 	C:\Program Files\Android\Android Studio\jre\bin\management.dll
0x00007ff8b6710000 - 0x00007ff8b671d000 	C:\Program Files\Android\Android Studio\jre\bin\management_ext.dll
0x00007ff8bad90000 - 0x00007ff8bada8000 	C:\WINDOWS\SYSTEM32\CRYPTSP.dll
0x00007ff8ba520000 - 0x00007ff8ba554000 	C:\WINDOWS\system32\rsaenh.dll
0x00007ff8bb4b0000 - 0x00007ff8bb4d7000 	C:\WINDOWS\System32\bcrypt.dll
0x00007ff8bb370000 - 0x00007ff8bb39e000 	C:\WINDOWS\SYSTEM32\USERENV.dll
0x00007ff8badb0000 - 0x00007ff8badbc000 	C:\WINDOWS\SYSTEM32\CRYPTBASE.dll
0x00007ff8ba890000 - 0x00007ff8ba8cb000 	C:\WINDOWS\SYSTEM32\IPHLPAPI.DLL
0x00007ff8bcea0000 - 0x00007ff8bcea8000 	C:\WINDOWS\System32\NSI.dll
0x00007ff8b3210000 - 0x00007ff8b3227000 	C:\WINDOWS\SYSTEM32\dhcpcsvc6.DLL
0x00007ff8b5160000 - 0x00007ff8b517d000 	C:\WINDOWS\SYSTEM32\dhcpcsvc.DLL
0x00007ff8ba8d0000 - 0x00007ff8ba99a000 	C:\WINDOWS\SYSTEM32\DNSAPI.dll

dbghelp: loaded successfully - version: 4.0.5 - missing functions: none
symbol engine: initialized successfully - sym options: 0x614 - pdb path: .;C:\Program Files\Android\Android Studio\jre\bin;C:\WINDOWS\SYSTEM32;C:\WINDOWS\WinSxS\amd64_microsoft.windows.common-controls_6595b64144ccf1df_6.0.19041.1110_none_60b5254171f9507e;C:\Program Files\Android\Android Studio\jre\bin\server;C:\Users\Usuario-Manuel\.gradle\native\8bec1ad78214c89d9ad589b4d07fe93259594b29d510b10fafb7a158f7737e5d\windows-amd64;C:\Users\Usuario-Manuel\.gradle\native\53dbd7edfb1c66fb8903c78663c9afc45aea4f116125fa6feffd364cf09443e8\windows-amd64

VM Arguments:
jvm_args: --add-opens=java.base/java.util=ALL-UNNAMED --add-opens=java.base/java.lang=ALL-UNNAMED --add-opens=java.base/java.lang.invoke=ALL-UNNAMED --add-opens=java.base/java.util=ALL-UNNAMED --add-opens=java.prefs/java.util.prefs=ALL-UNNAMED --add-opens=java.prefs/java.util.prefs=ALL-UNNAMED --add-opens=java.base/java.nio.charset=ALL-UNNAMED --add-opens=java.base/java.net=ALL-UNNAMED --add-opens=java.base/java.util.concurrent.atomic=ALL-UNNAMED -Xmx2048m -Dfile.encoding=UTF-8 -Duser.country=CL -Duser.language=es -Duser.variant 
java_command: org.gradle.launcher.daemon.bootstrap.GradleDaemon 7.0.2
java_class_path (initial): C:\Users\Usuario-Manuel\.gradle\wrapper\dists\gradle-7.0.2-bin\857tjihv64xamwrf0h14cai3r\gradle-7.0.2\lib\gradle-launcher-7.0.2.jar
Launcher Type: SUN_STANDARD

[Global flags]
     intx CICompilerCount                          = 4                                         {product} {ergonomic}
     uint ConcGCThreads                            = 2                                         {product} {ergonomic}
     uint G1ConcRefinementThreads                  = 8                                         {product} {ergonomic}
   size_t G1HeapRegionSize                         = 1048576                                   {product} {ergonomic}
    uintx GCDrainStackTargetSize                   = 64                                        {product} {ergonomic}
   size_t InitialHeapSize                          = 100663296                                 {product} {ergonomic}
   size_t MarkStackSize                            = 4194304                                   {product} {ergonomic}
   size_t MaxHeapSize                              = 2147483648                                {product} {command line}
   size_t MaxNewSize                               = 1287651328                                {product} {ergonomic}
   size_t MinHeapDeltaBytes                        = 1048576                                   {product} {ergonomic}
    uintx NonNMethodCodeHeapSize                   = 5836300                                {pd product} {ergonomic}
    uintx NonProfiledCodeHeapSize                  = 122910970                              {pd product} {ergonomic}
    uintx ProfiledCodeHeapSize                     = 122910970                              {pd product} {ergonomic}
    uintx ReservedCodeCacheSize                    = 251658240                              {pd product} {ergonomic}
     bool SegmentedCodeCache                       = true                                      {product} {ergonomic}
     bool UseCompressedClassPointers               = true                                 {lp64_product} {ergonomic}
     bool UseCompressedOops                        = true                                 {lp64_product} {ergonomic}
     bool UseG1GC                                  = true                                      {product} {ergonomic}
     bool UseLargePagesIndividualAllocation        = false                                  {pd product} {ergonomic}

Logging:
Log output configuration:
 #0: stdout all=warning uptime,level,tags
 #1: stderr all=off uptime,level,tags

Environment Variables:
PATH=C:\WINDOWS\system32;C:\WINDOWS;C:\WINDOWS\System32\Wbem;C:\WINDOWS\System32\WindowsPowerShell\v1.0\;C:\WINDOWS\System32\OpenSSH\;C:\Program Files\Microsoft SQL Server\150\Tools\Binn\;C:\Program Files\Git\cmd;C:\Program Files\dotnet\;C:\Program Files\nodejs\;C:\Users\Usuario-Manuel\AppData\Local\Programs\Python\Python310\Scripts\;C:\Users\Usuario-Manuel\AppData\Local\Programs\Python\Python310\;C:\Users\Usuario-Manuel\anaconda3;C:\Users\Usuario-Manuel\anaconda3\Library\mingw-w64\bin;C:\Users\Usuario-Manuel\anaconda3\Library\usr\bin;C:\Users\Usuario-Manuel\anaconda3\Library\bin;C:\Users\Usuario-Manuel\anaconda3\Scripts;C:\Users\Usuario-Manuel\AppData\Local\Microsoft\WindowsApps;C:\Users\Usuario-Manuel\AppData\Local\Programs\Microsoft VS Code\bin;C:\Program Files\heroku\bin;C:\Users\Usuario-Manuel\.dotnet\tools;C:\Users\Usuario-Manuel\AppData\Roaming\npm;C:\Users\Usuario-Manuel\AppData\Local\GitHubDesktop\bin
USERNAME=Usuario-Manuel
OS=Windows_NT
PROCESSOR_IDENTIFIER=AMD64 Family 23 Model 24 Stepping 1, AuthenticAMD



---------------  S Y S T E M  ---------------

OS: Windows 10 , 64 bit Build 19041 (10.0.19041.1566)
OS uptime: 8 days 6:10 hours

CPU:total 8 (initial active 8) (8 cores per cpu, 2 threads per core) family 23 model 24 stepping 1 microcode 0x0, cmov, cx8, fxsr, mmx, sse, sse2, sse3, ssse3, sse4.1, sse4.2, popcnt, avx, avx2, aes, clmul, mmxext, 3dnowpref, lzcnt, sse4a, ht, tsc, tscinvbit, tscinv, bmi1, bmi2, adx, sha, fma

Memory: 4k page, system-wide physical 6030M (378M free)
TotalPageFile size 24462M (AvailPageFile size 8M)
current process WorkingSet (physical memory assigned to process): 194M, peak: 194M
current process commit charge ("private bytes"): 268M, peak: 269M

vm_info: OpenJDK 64-Bit Server VM (11.0.12+7-b1504.28-7817840) for windows-amd64 JRE (11.0.12+7-b1504.28-7817840), built on Oct 13 2021 22:12:33 by "builder" with MS VC++ 14.0 (VS2015)

END.
